Build started 24-04-2014 10:36:05.
     1>Project "C:\Users\Nitin Kaveriappa\Documents\Visual Studio 2010\Projects\QuickHullC\QuickHullC\QuickHullC.vcxproj" on node 2 (build target(s)).
     1>InitializeBuildStatus:
         Creating "Debug\QuickHullC.unsuccessfulbuild" because "AlwaysCreate" was specified.
       ClCompile:
         c:\Program Files (x86)\Microsoft Visual Studio 10.0\VC\bin\CL.exe /c /ZI /nologo /W3 /WX- /Od /Oy- /D _MBCS /Gm /EHsc /RTC1 /MDd /GS /fp:precise /Zc:wchar_t /Zc:forScope /Fo"Debug\\" /Fd"Debug\vc100.pdb" /Gd /TC /analyze- /errorReport:prompt quickhullc.c
         quickhullc.c
     1>c:\users\nitin kaveriappa\documents\visual studio 2010\projects\quickhullc\quickhullc\quickhullc.c(679): warning C4101: 't' : unreferenced local variable
     1>c:\users\nitin kaveriappa\documents\visual studio 2010\projects\quickhullc\quickhullc\quickhullc.c(755): warning C4113: 'void (__cdecl *)()' differs in parameter lists from 'void (__cdecl *)(void)'
       Link:
         c:\Program Files (x86)\Microsoft Visual Studio 10.0\VC\bin\link.exe /ERRORREPORT:PROMPT /OUT:"C:\Users\Nitin Kaveriappa\Documents\Visual Studio 2010\Projects\QuickHullC\Debug\QuickHullC.exe" /NOLOGO kernel32.lib user32.lib gdi32.lib winspool.lib comdlg32.lib advapi32.lib shell32.lib ole32.lib oleaut32.lib uuid.lib odbc32.lib odbccp32.lib /MANIFEST /ManifestFile:"Debug\QuickHullC.exe.intermediate.manifest" /MANIFESTUAC:"level='asInvoker' uiAccess='false'" /DEBUG /PDB:"C:\Users\Nitin Kaveriappa\Documents\Visual Studio 2010\Projects\QuickHullC\Debug\QuickHullC.pdb" /TLBID:1 /DYNAMICBASE /NXCOMPAT /IMPLIB:"C:\Users\Nitin Kaveriappa\Documents\Visual Studio 2010\Projects\QuickHullC\Debug\QuickHullC.lib" /MACHINE:X86 Debug\quickhullc.obj
         LINK : C:\Users\Nitin Kaveriappa\Documents\Visual Studio 2010\Projects\QuickHullC\Debug\QuickHullC.exe not found or not built by the last incremental link; performing full link
         QuickHullC.vcxproj -> C:\Users\Nitin Kaveriappa\Documents\Visual Studio 2010\Projects\QuickHullC\Debug\QuickHullC.exe
       Manifest:
         C:\Program Files (x86)\Microsoft SDKs\Windows\v7.0A\bin\mt.exe /nologo /verbose /outputresource:"C:\Users\Nitin Kaveriappa\Documents\Visual Studio 2010\Projects\QuickHullC\Debug\QuickHullC.exe;#1" /manifest Debug\QuickHullC.exe.intermediate.manifest
       FinalizeBuildStatus:
         Deleting file "Debug\QuickHullC.unsuccessfulbuild".
         Touching "Debug\QuickHullC.lastbuildstate".
     1>Done Building Project "C:\Users\Nitin Kaveriappa\Documents\Visual Studio 2010\Projects\QuickHullC\QuickHullC\QuickHullC.vcxproj" (build target(s)).

Build succeeded.

Time Elapsed 00:00:00.81
